Case #1: 1 1
Case #2: 2 0
Case #3: 2 0
Case #4: 3 0
Case #5: 500 0
Case #6: 500 0
Case #7: 177 1
Case #8: 181 1
Case #9: 215 103
Case #10: 500 0
Case #11: 500 0
Case #12: 228 106
Case #13: 1 0
Case #14: 190 108
Case #15: 2 0
Case #16: 500 0
Case #17: 212 103
Case #18: 238 1
Case #19: 214 104
Case #20: 171 103
Case #21: 184 110
Case #22: 173 0
Case #23: 201 110
Case #24: 184 0
Case #25: 248 104
Case #26: 245 109
Case #27: 174 107
Case #28: 248 0
Case #29: 500 0
Case #30: 179 1
Case #31: 500 0
Case #32: 516 0
Case #33: 183 106
Case #34: 499 0
Case #35: 248 105
Case #36: 223 110
Case #37: 223 108
Case #38: 233 104
Case #39: 195 109
Case #40: 209 103
Case #41: 201 102
Case #42: 181 106
Case #43: 218 0
Case #44: 182 106
Case #45: 194 105
Case #46: 235 0
Case #47: 240 106
Case #48: 223 0
Case #49: 241 109
Case #50: 1 1
Case #51: 212 107
Case #52: 500 0
Case #53: 186 110
Case #54: 248 106
Case #55: 500 0
Case #56: 205 0
Case #57: 213 109
Case #58: 240 110
Case #59: 500 0
Case #60: 235 105
Case #61: 173 104
Case #62: 500 0
Case #63: 248 110
Case #64: 213 106
Case #65: 186 0
Case #66: 180 1
Case #67: 1000 0
Case #68: 183 1
Case #69: 205 100
Case #70: 219 107
Case #71: 232 0
Case #72: 168 108
Case #73: 500 0
Case #74: 202 0
Case #75: 223 1
Case #76: 198 0
Case #77: 209 108
Case #78: 516 484
Case #79: 501 499
Case #80: 175 0
Case #81: 208 101
Case #82: 188 0
Case #83: 199 110
Case #84: 179 0
Case #85: 500 0
Case #86: 239 108
Case #87: 195 1
Case #88: 223 1
Case #89: 171 1
Case #90: 183 0
Case #91: 172 108
Case #92: 212 102
Case #93: 499 0
Case #94: 183 109
Case #95: 500 0
Case #96: 229 104
Case #97: 191 1
Case #98: 233 0
Case #99: 192 0
Case #100: 216 1
